0 info it worked if it ends with ok
1 verbose cli [ 'node', '/usr/local/bin/npm', 'link', 'static-sitemap' ]
2 info using npm@1.3.24
3 info using node@v0.10.25
4 verbose install where,what [ '/usr/local/lib', [ 'static-sitemap' ] ]
5 warn package.json browser-repl@0.2.1 No repository field.
6 warn package.json chattify@0.0.0 No repository field.
7 warn package.json mapbox-cli@0.3.2 No repository field.
8 warn package.json sitemap-static@0.0.0 No README data
9 warn package.json pushedover@0.0.0 No repository field.
10 warn package.json glify@0.1.0 No repository field.
11 warn package.json tilelive-gl@0.0.0 No repository field.
12 verbose cache add [ 'static-sitemap', null ]
13 verbose cache add name=undefined spec="static-sitemap" args=["static-sitemap",null]
14 verbose parsed url { protocol: null,
14 verbose parsed url   slashes: null,
14 verbose parsed url   auth: null,
14 verbose parsed url   host: null,
14 verbose parsed url   port: null,
14 verbose parsed url   hostname: null,
14 verbose parsed url   hash: null,
14 verbose parsed url   search: null,
14 verbose parsed url   query: null,
14 verbose parsed url   pathname: 'static-sitemap',
14 verbose parsed url   path: 'static-sitemap',
14 verbose parsed url   href: 'static-sitemap' }
15 silly lockFile e42c67e1-static-sitemap static-sitemap
16 verbose lock static-sitemap /Users/tmcw/.npm/e42c67e1-static-sitemap.lock
17 silly lockFile e42c67e1-static-sitemap static-sitemap
18 silly lockFile e42c67e1-static-sitemap static-sitemap
19 verbose addNamed [ 'static-sitemap', '' ]
20 verbose addNamed [ null, '*' ]
21 silly lockFile 8a33e113-static-sitemap static-sitemap@
22 verbose lock static-sitemap@ /Users/tmcw/.npm/8a33e113-static-sitemap.lock
23 silly addNameRange { name: 'static-sitemap', range: '*', hasData: false }
24 verbose url raw static-sitemap
25 verbose url resolving [ 'https://registry.npmjs.org/', './static-sitemap' ]
26 verbose url resolved https://registry.npmjs.org/static-sitemap
27 info trying registry request attempt 1 at 15:34:28
28 http GET https://registry.npmjs.org/static-sitemap
29 http 404 https://registry.npmjs.org/static-sitemap
30 silly registry.get cb [ 404,
30 silly registry.get   { date: 'Fri, 04 Apr 2014 19:34:29 GMT',
30 silly registry.get     server: 'CouchDB/1.5.0 (Erlang OTP/R14B04)',
30 silly registry.get     'content-type': 'application/json',
30 silly registry.get     via: '1.1 varnish',
30 silly registry.get     'cache-control': 'max-age=0',
30 silly registry.get     'content-length': '52',
30 silly registry.get     'accept-ranges': 'bytes',
30 silly registry.get     age: '0',
30 silly registry.get     'x-served-by': 'cache-v37-ASH, cache-at52-ATL',
30 silly registry.get     'x-cache': 'MISS, MISS',
30 silly registry.get     'x-cache-hits': '0, 0',
30 silly registry.get     'x-timer': 'S1396640069.497337818,VS0,VS10,VE20,VE24',
30 silly registry.get     'keep-alive': 'timeout=10, max=50',
30 silly registry.get     connection: 'Keep-Alive' } ]
31 silly lockFile 8a33e113-static-sitemap static-sitemap@
32 silly lockFile 8a33e113-static-sitemap static-sitemap@
33 error 404 'static-sitemap' is not in the npm registry.
33 error 404 You should bug the author to publish it
33 error 404
33 error 404 Note that you can also install from a
33 error 404 tarball, folder, or http url, or git url.
34 error System Darwin 13.1.0
35 error command "node" "/usr/local/bin/npm" "link" "static-sitemap"
36 error cwd /Users/tmcw/src/simple-generator/simple
37 error node -v v0.10.25
38 error npm -v 1.3.24
39 error code E404
40 verbose exit [ 1, true ]
